# JRE version: Java(TM) SE Runtime Environment (8.0_40-b25) (build 1.8.0_40-b25)
# Java VM: Java HotSpot(TM) 64-Bit Server VM (25.40-b25 mixed mode windows-amd64 compressed oops)
Heap:
 PSYoungGen      total 108544K, used 77827K [0x00000000f5b00000, 0x00000000fd380000, 0x0000000100000000)
  eden space 99840K, 69% used [0x00000000f5b00000,0x00000000f9e87f08,0x00000000fbc80000)
  from space 8704K, 99% used [0x00000000fbc80000,0x00000000fc4f8d70,0x00000000fc500000)
  to   space 10240K, 0% used [0x00000000fc980000,0x00000000fc980000,0x00000000fd380000)
 ParOldGen       total 30208K, used 14868K [0x00000000e1000000, 0x00000000e2d80000, 0x00000000f5b00000)
  object space 30208K, 49% used [0x00000000e1000000,0x00000000e1e85108,0x00000000e2d80000)
 Metaspace       used 30435K, capacity 30736K, committed 31104K, reserved 1077248K
  class space    used 3765K, capacity 3863K, committed 3968K, reserved 1048576K
GC Heap History (10 events):
Event: 15.706 GC heap before
{Heap before GC invocations=8 (full 0):
 PSYoungGen      total 38400K, used 38380K [0x00000000f5b00000, 0x00000000fa800000, 0x0000000100000000)
  eden space 32768K, 100% used [0x00000000f5b00000,0x00000000f7b00000,0x00000000f7b00000)
  from space 5632K, 99% used [0x00000000f7b00000,0x00000000f807b2c8,0x00000000f8080000)
  to   space 6656K, 0% used [0x00000000fa180000,0x00000000fa180000,0x00000000fa800000)
 ParOldGen       total 22016K, used 10501K [0x00000000e1000000, 0x00000000e2580000, 0x00000000f5b00000)
  object space 22016K, 47% used [0x00000000e1000000,0x00000000e1a41698,0x00000000e2580000)
 Metaspace       used 17839K, capacity 17988K, committed 18176K, reserved 1064960K
  class space    used 2199K, capacity 2256K, committed 2304K, reserved 1048576K
Event: 15.728 GC heap after
Heap after GC invocations=8 (full 0):
 PSYoungGen      total 70656K, used 6641K [0x00000000f5b00000, 0x00000000fab00000, 0x0000000100000000)
  eden space 64000K, 0% used [0x00000000f5b00000,0x00000000f5b00000,0x00000000f9980000)
  from space 6656K, 99% used [0x00000000fa180000,0x00000000fa7fc718,0x00000000fa800000)
  to   space 8192K, 0% used [0x00000000f9980000,0x00000000f9980000,0x00000000fa180000)
 ParOldGen       total 22016K, used 10895K [0x00000000e1000000, 0x00000000e2580000, 0x00000000f5b00000)
  object space 22016K, 49% used [0x00000000e1000000,0x00000000e1aa3f20,0x00000000e2580000)
 Metaspace       used 17839K, capacity 17988K, committed 18176K, reserved 1064960K
  class space    used 2199K, capacity 2256K, committed 2304K, reserved 1048576K
}
Event: 17.892 GC heap before
{Heap before GC invocations=9 (full 0):
 PSYoungGen      total 70656K, used 38086K [0x00000000f5b00000, 0x00000000fab00000, 0x0000000100000000)
  eden space 64000K, 49% used [0x00000000f5b00000,0x00000000f79b5238,0x00000000f9980000)
  from space 6656K, 99% used [0x00000000fa180000,0x00000000fa7fc718,0x00000000fa800000)
  to   space 8192K, 0% used [0x00000000f9980000,0x00000000f9980000,0x00000000fa180000)
 ParOldGen       total 22016K, used 10895K [0x00000000e1000000, 0x00000000e2580000, 0x00000000f5b00000)
  object space 22016K, 49% used [0x00000000e1000000,0x00000000e1aa3f20,0x00000000e2580000)
 Metaspace       used 21000K, capacity 21208K, committed 21296K, reserved 1069056K
  class space    used 2601K, capacity 2661K, committed 2688K, reserved 1048576K
Event: 17.921 GC heap after
Heap after GC invocations=9 (full 0):
 PSYoungGen      total 72192K, used 6180K [0x00000000f5b00000, 0x00000000fd000000, 0x0000000100000000)
  eden space 64000K, 0% used [0x00000000f5b00000,0x00000000f5b00000,0x00000000f9980000)
  from space 8192K, 75% used [0x00000000f9980000,0x00000000f9f893d0,0x00000000fa180000)
  to   space 8704K, 0% used [0x00000000fc780000,0x00000000fc780000,0x00000000fd000000)
 ParOldGen       total 22016K, used 13845K [0x00000000e1000000, 0x00000000e2580000, 0x00000000f5b00000)
  object space 22016K, 62% used [0x00000000e1000000,0x00000000e1d85608,0x00000000e2580000)
 Metaspace       used 21000K, capacity 21208K, committed 21296K, reserved 1069056K
  class space    used 2601K, capacity 2661K, committed 2688K, reserved 1048576K
}
Event: 17.921 GC heap before
{Heap before GC invocations=10 (full 1):
 PSYoungGen      total 72192K, used 6180K [0x00000000f5b00000, 0x00000000fd000000, 0x0000000100000000)
  eden space 64000K, 0% used [0x00000000f5b00000,0x00000000f5b00000,0x00000000f9980000)
  from space 8192K, 75% used [0x00000000f9980000,0x00000000f9f893d0,0x00000000fa180000)
  to   space 8704K, 0% used [0x00000000fc780000,0x00000000fc780000,0x00000000fd000000)
 ParOldGen       total 22016K, used 13845K [0x00000000e1000000, 0x00000000e2580000, 0x00000000f5b00000)
  object space 22016K, 62% used [0x00000000e1000000,0x00000000e1d85608,0x00000000e2580000)
 Metaspace       used 21000K, capacity 21208K, committed 21296K, reserved 1069056K
  class space    used 2601K, capacity 2661K, committed 2688K, reserved 1048576K
Event: 18.247 GC heap after
Heap after GC invocations=10 (full 1):
 PSYoungGen      total 72192K, used 0K [0x00000000f5b00000, 0x00000000fd000000, 0x0000000100000000)
  eden space 64000K, 0% used [0x00000000f5b00000,0x00000000f5b00000,0x00000000f9980000)
  from space 8192K, 0% used [0x00000000f9980000,0x00000000f9980000,0x00000000fa180000)
  to   space 8704K, 0% used [0x00000000fc780000,0x00000000fc780000,0x00000000fd000000)
 ParOldGen       total 30208K, used 13955K [0x00000000e1000000, 0x00000000e2d80000, 0x00000000f5b00000)
  object space 30208K, 46% used [0x00000000e1000000,0x00000000e1da0d30,0x00000000e2d80000)
 Metaspace       used 21000K, capacity 21208K, committed 21296K, reserved 1069056K
  class space    used 2601K, capacity 2661K, committed 2688K, reserved 1048576K
}
Event: 31.207 GC heap before
{Heap before GC invocations=11 (full 1):
 PSYoungGen      total 72192K, used 64000K [0x00000000f5b00000, 0x00000000fd000000, 0x0000000100000000)
  eden space 64000K, 100% used [0x00000000f5b00000,0x00000000f9980000,0x00000000f9980000)
  from space 8192K, 0% used [0x00000000f9980000,0x00000000f9980000,0x00000000fa180000)
  to   space 8704K, 0% used [0x00000000fc780000,0x00000000fc780000,0x00000000fd000000)
 ParOldGen       total 30208K, used 13955K [0x00000000e1000000, 0x00000000e2d80000, 0x00000000f5b00000)
  object space 30208K, 46% used [0x00000000e1000000,0x00000000e1da0d30,0x00000000e2d80000)
 Metaspace       used 25685K, capacity 25980K, committed 26112K, reserved 1073152K
  class space    used 3187K, capacity 3273K, committed 3328K, reserved 1048576K
Event: 31.245 GC heap after
Heap after GC invocations=11 (full 1):
 PSYoungGen      total 88576K, used 5676K [0x00000000f5b00000, 0x00000000fcd80000, 0x0000000100000000)
  eden space 82432K, 0% used [0x00000000f5b00000,0x00000000f5b00000,0x00000000fab80000)
  from space 6144K, 92% used [0x00000000fc780000,0x00000000fcd0b0d8,0x00000000fcd80000)
  to   space 8704K, 0% used [0x00000000fbc80000,0x00000000fbc80000,0x00000000fc500000)
 ParOldGen       total 30208K, used 13963K [0x00000000e1000000, 0x00000000e2d80000, 0x00000000f5b00000)
  object space 30208K, 46% used [0x00000000e1000000,0x00000000e1da2d30,0x00000000e2d80000)
 Metaspace       used 25685K, capacity 25980K, committed 26112K, reserved 1073152K
  class space    used 3187K, capacity 3273K, committed 3328K, reserved 1048576K
}
Event: 50.586 GC heap before
{Heap before GC invocations=12 (full 1):
 PSYoungGen      total 88576K, used 88108K [0x00000000f5b00000, 0x00000000fcd80000, 0x0000000100000000)
  eden space 82432K, 100% used [0x00000000f5b00000,0x00000000fab80000,0x00000000fab80000)
  from space 6144K, 92% used [0x00000000fc780000,0x00000000fcd0b0d8,0x00000000fcd80000)
  to   space 8704K, 0% used [0x00000000fbc80000,0x00000000fbc80000,0x00000000fc500000)
 ParOldGen       total 30208K, used 13963K [0x00000000e1000000, 0x00000000e2d80000, 0x00000000f5b00000)
  object space 30208K, 46% used [0x00000000e1000000,0x00000000e1da2d30,0x00000000e2d80000)
 Metaspace       used 29010K, capacity 29310K, committed 29568K, reserved 1075200K
  class space    used 3578K, capacity 3668K, committed 3712K, reserved 1048576K
Event: 50.628 GC heap after
Heap after GC invocations=12 (full 1):
 PSYoungGen      total 108544K, used 8675K [0x00000000f5b00000, 0x00000000fd380000, 0x0000000100000000)
  eden space 99840K, 0% used [0x00000000f5b00000,0x00000000f5b00000,0x00000000fbc80000)
  from space 8704K, 99% used [0x00000000fbc80000,0x00000000fc4f8d70,0x00000000fc500000)
  to   space 10240K, 0% used [0x00000000fc980000,0x00000000fc980000,0x00000000fd380000)
 ParOldGen       total 30208K, used 14868K [0x00000000e1000000, 0x00000000e2d80000, 0x00000000f5b00000)
  object space 30208K, 49% used [0x00000000e1000000,0x00000000e1e85108,0x00000000e2d80000)
 Metaspace       used 29010K, capacity 29310K, committed 29568K, reserved 1075200K
  class space    used 3578K, capacity 3668K, committed 3712K, reserved 1048576K
}

