# JRE version: Java(TM) SE Runtime Environment (8.0_40-b25) (build 1.8.0_40-b25)
# Java VM: Java HotSpot(TM) 64-Bit Server VM (25.40-b25 mixed mode windows-amd64 compressed oops)
Heap:
 PSYoungGen      total 74752K, used 6196K [0x00000000f5b00000, 0x00000000fb580000, 0x0000000100000000)
  eden space 68096K, 0% used [0x00000000f5b00000,0x00000000f5b00000,0x00000000f9d80000)
  from space 6656K, 93% used [0x00000000f9d80000,0x00000000fa38d3f8,0x00000000fa400000)
  to   space 6656K, 0% used [0x00000000fa400000,0x00000000fa400000,0x00000000faa80000)
 ParOldGen       total 27136K, used 17036K [0x00000000e1000000, 0x00000000e2a80000, 0x00000000f5b00000)
  object space 27136K, 62% used [0x00000000e1000000,0x00000000e20a3050,0x00000000e2a80000)
 Metaspace       used 30420K, capacity 30672K, committed 30848K, reserved 1081344K
  class space    used 3767K, capacity 3863K, committed 3968K, reserved 1048576K
GC Heap History (10 events):
Event: 18.020 GC heap before
{Heap before GC invocations=13 (full 0):
 PSYoungGen      total 46080K, used 17372K [0x00000000f5b00000, 0x00000000f8d00000, 0x0000000100000000)
  eden space 40960K, 37% used [0x00000000f5b00000,0x00000000f69db6f8,0x00000000f8300000)
  from space 5120K, 42% used [0x00000000f8800000,0x00000000f8a1bbf8,0x00000000f8d00000)
  to   space 5120K, 0% used [0x00000000f8300000,0x00000000f8300000,0x00000000f8800000)
 ParOldGen       total 22016K, used 14538K [0x00000000e1000000, 0x00000000e2580000, 0x00000000f5b00000)
  object space 22016K, 66% used [0x00000000e1000000,0x00000000e1e32848,0x00000000e2580000)
 Metaspace       used 21057K, capacity 21232K, committed 21296K, reserved 1069056K
  class space    used 2608K, capacity 2673K, committed 2688K, reserved 1048576K
Event: 18.035 GC heap after
Heap after GC invocations=13 (full 0):
 PSYoungGen      total 46080K, used 1997K [0x00000000f5b00000, 0x00000000fa500000, 0x0000000100000000)
  eden space 40960K, 0% used [0x00000000f5b00000,0x00000000f5b00000,0x00000000f8300000)
  from space 5120K, 39% used [0x00000000f8300000,0x00000000f84f3538,0x00000000f8800000)
  to   space 5120K, 0% used [0x00000000fa000000,0x00000000fa000000,0x00000000fa500000)
 ParOldGen       total 22016K, used 15394K [0x00000000e1000000, 0x00000000e2580000, 0x00000000f5b00000)
  object space 22016K, 69% used [0x00000000e1000000,0x00000000e1f08848,0x00000000e2580000)
 Metaspace       used 21057K, capacity 21232K, committed 21296K, reserved 1069056K
  class space    used 2608K, capacity 2673K, committed 2688K, reserved 1048576K
}
Event: 18.035 GC heap before
{Heap before GC invocations=14 (full 1):
 PSYoungGen      total 46080K, used 1997K [0x00000000f5b00000, 0x00000000fa500000, 0x0000000100000000)
  eden space 40960K, 0% used [0x00000000f5b00000,0x00000000f5b00000,0x00000000f8300000)
  from space 5120K, 39% used [0x00000000f8300000,0x00000000f84f3538,0x00000000f8800000)
  to   space 5120K, 0% used [0x00000000fa000000,0x00000000fa000000,0x00000000fa500000)
 ParOldGen       total 22016K, used 15394K [0x00000000e1000000, 0x00000000e2580000, 0x00000000f5b00000)
  object space 22016K, 69% used [0x00000000e1000000,0x00000000e1f08848,0x00000000e2580000)
 Metaspace       used 21057K, capacity 21232K, committed 21296K, reserved 1069056K
  class space    used 2608K, capacity 2673K, committed 2688K, reserved 1048576K
Event: 18.240 GC heap after
Heap after GC invocations=14 (full 1):
 PSYoungGen      total 46080K, used 0K [0x00000000f5b00000, 0x00000000fa500000, 0x0000000100000000)
  eden space 40960K, 0% used [0x00000000f5b00000,0x00000000f5b00000,0x00000000f8300000)
  from space 5120K, 0% used [0x00000000f8300000,0x00000000f8300000,0x00000000f8800000)
  to   space 5120K, 0% used [0x00000000fa000000,0x00000000fa000000,0x00000000fa500000)
 ParOldGen       total 27136K, used 11932K [0x00000000e1000000, 0x00000000e2a80000, 0x00000000f5b00000)
  object space 27136K, 43% used [0x00000000e1000000,0x00000000e1ba7378,0x00000000e2a80000)
 Metaspace       used 21057K, capacity 21232K, committed 21296K, reserved 1069056K
  class space    used 2608K, capacity 2673K, committed 2688K, reserved 1048576K
}
Event: 23.223 GC heap before
{Heap before GC invocations=15 (full 1):
 PSYoungGen      total 46080K, used 40960K [0x00000000f5b00000, 0x00000000fa500000, 0x0000000100000000)
  eden space 40960K, 100% used [0x00000000f5b00000,0x00000000f8300000,0x00000000f8300000)
  from space 5120K, 0% used [0x00000000f8300000,0x00000000f8300000,0x00000000f8800000)
  to   space 5120K, 0% used [0x00000000fa000000,0x00000000fa000000,0x00000000fa500000)
 ParOldGen       total 27136K, used 11932K [0x00000000e1000000, 0x00000000e2a80000, 0x00000000f5b00000)
  object space 27136K, 43% used [0x00000000e1000000,0x00000000e1ba7378,0x00000000e2a80000)
 Metaspace       used 23740K, capacity 23996K, committed 24064K, reserved 1071104K
  class space    used 2950K, capacity 3017K, committed 3072K, reserved 1048576K
Event: 23.236 GC heap after
Heap after GC invocations=15 (full 1):
 PSYoungGen      total 57344K, used 3350K [0x00000000f5b00000, 0x00000000fa380000, 0x0000000100000000)
  eden space 53760K, 0% used [0x00000000f5b00000,0x00000000f5b00000,0x00000000f8f80000)
  from space 3584K, 93% used [0x00000000fa000000,0x00000000fa345b30,0x00000000fa380000)
  to   space 5120K, 0% used [0x00000000f9980000,0x00000000f9980000,0x00000000f9e80000)
 ParOldGen       total 27136K, used 11940K [0x00000000e1000000, 0x00000000e2a80000, 0x00000000f5b00000)
  object space 27136K, 44% used [0x00000000e1000000,0x00000000e1ba9378,0x00000000e2a80000)
 Metaspace       used 23740K, capacity 23996K, committed 24064K, reserved 1071104K
  class space    used 2950K, capacity 3017K, committed 3072K, reserved 1048576K
}
Event: 43.688 GC heap before
{Heap before GC invocations=16 (full 1):
 PSYoungGen      total 57344K, used 57110K [0x00000000f5b00000, 0x00000000fa380000, 0x0000000100000000)
  eden space 53760K, 100% used [0x00000000f5b00000,0x00000000f8f80000,0x00000000f8f80000)
  from space 3584K, 93% used [0x00000000fa000000,0x00000000fa345b30,0x00000000fa380000)
  to   space 5120K, 0% used [0x00000000f9980000,0x00000000f9980000,0x00000000f9e80000)
 ParOldGen       total 27136K, used 11940K [0x00000000e1000000, 0x00000000e2a80000, 0x00000000f5b00000)
  object space 27136K, 44% used [0x00000000e1000000,0x00000000e1ba9378,0x00000000e2a80000)
 Metaspace       used 27587K, capacity 27918K, committed 28160K, reserved 1073152K
  class space    used 3421K, capacity 3532K, committed 3584K, reserved 1048576K
Event: 43.714 GC heap after
Heap after GC invocations=16 (full 1):
 PSYoungGen      total 69120K, used 5108K [0x00000000f5b00000, 0x00000000faa80000, 0x0000000100000000)
  eden space 64000K, 0% used [0x00000000f5b00000,0x00000000f5b00000,0x00000000f9980000)
  from space 5120K, 99% used [0x00000000f9980000,0x00000000f9e7d1d0,0x00000000f9e80000)
  to   space 6656K, 0% used [0x00000000fa400000,0x00000000fa400000,0x00000000faa80000)
 ParOldGen       total 27136K, used 14294K [0x00000000e1000000, 0x00000000e2a80000, 0x00000000f5b00000)
  object space 27136K, 52% used [0x00000000e1000000,0x00000000e1df59b8,0x00000000e2a80000)
 Metaspace       used 27587K, capacity 27918K, committed 28160K, reserved 1073152K
  class space    used 3421K, capacity 3532K, committed 3584K, reserved 1048576K
}
Event: 53.413 GC heap before
{Heap before GC invocations=17 (full 1):
 PSYoungGen      total 69120K, used 69108K [0x00000000f5b00000, 0x00000000faa80000, 0x0000000100000000)
  eden space 64000K, 100% used [0x00000000f5b00000,0x00000000f9980000,0x00000000f9980000)
  from space 5120K, 99% used [0x00000000f9980000,0x00000000f9e7d1d0,0x00000000f9e80000)
  to   space 6656K, 0% used [0x00000000fa400000,0x00000000fa400000,0x00000000faa80000)
 ParOldGen       total 27136K, used 14294K [0x00000000e1000000, 0x00000000e2a80000, 0x00000000f5b00000)
  object space 27136K, 52% used [0x00000000e1000000,0x00000000e1df59b8,0x00000000e2a80000)
 Metaspace       used 29430K, capacity 29770K, committed 29952K, reserved 1075200K
  class space    used 3641K, capacity 3734K, committed 3840K, reserved 1048576K
Event: 53.438 GC heap after
Heap after GC invocations=17 (full 1):
 PSYoungGen      total 74752K, used 4538K [0x00000000f5b00000, 0x00000000fb580000, 0x0000000100000000)
  eden space 68096K, 0% used [0x00000000f5b00000,0x00000000f5b00000,0x00000000f9d80000)
  from space 6656K, 68% used [0x00000000fa400000,0x00000000fa86eb88,0x00000000faa80000)
  to   space 6656K, 0% used [0x00000000f9d80000,0x00000000f9d80000,0x00000000fa400000)
 ParOldGen       total 27136K, used 17028K [0x00000000e1000000, 0x00000000e2a80000, 0x00000000f5b00000)
  object space 27136K, 62% used [0x00000000e1000000,0x00000000e20a1050,0x00000000e2a80000)
 Metaspace       used 29430K, capacity 29770K, committed 29952K, reserved 1075200K
  class space    used 3641K, capacity 3734K, committed 3840K, reserved 1048576K
}

